Arguments: 
  C:\Program Files\nodejs\node.exe C:\Program Files (x86)\Yarn\bin\yarn.js add obj2-loader

PATH: 
  C:\Users\kevin\anaconda3;C:\Users\kevin\anaconda3\Library\mingw-w64\bin;C:\Users\kevin\anaconda3\Library\usr\bin;C:\Users\kevin\anaconda3\Library\bin;C:\Users\kevin\anaconda3\Scripts;C:\Users\kevin\anaconda3\bin;C:\Users\kevin\anaconda3\condabin;C:\Program Files\NVIDIA GPU Computing Toolkit\CUDA\v11.0\bin;C:\Program Files\NVIDIA GPU Computing Toolkit\CUDA\v11.0\libnvvp;C:\Program Files\NVIDIA GPU Computing Toolkit\CUDA\v11.8\bin;C:\Program Files\NVIDIA GPU Computing Toolkit\CUDA\v11.8\libnvvp;C:\Python311\Scripts;C:\Python311;C:\Program Files\Microsoft\jdk-11.0.12.7-hotspot\bin;C:\WINDOWS\system32;C:\WINDOWS;C:\WINDOWS\System32\Wbem;C:\WINDOWS\System32\WindowsPowerShell\v1.0;C:\WINDOWS\System32\OpenSSH;C:\Program Files\dotnet;C:\Program Files\nodejs;C:\ProgramData\chocolatey\bin;C:\Program Files\Git\cmd;C:\Program Files (x86)\NVIDIA Corporation\PhysX\Common;C:\Program Files\NVIDIA Corporation\Nsight Compute 2020.1.1;C:\Program Files\Microsoft SQL Server\Client SDK\ODBC\170\Tools\Binn;C:\Program Files (x86)\Microsoft SQL Server\150\Tools\Binn;C:\Program Files\Microsoft SQL Server\150\Tools\Binn;C:\Program Files\Microsoft SQL Server\150\DTS\Binn;C:\Program Files (x86)\Microsoft SQL Server\150\DTS\Binn;C:\Program Files\Azure Data Studio\bin;C:\Users\kevin\go;C:\Program Files\Docker\Docker\resources\bin;C:\Program Files (x86)\Yarn\bin;C:\Program Files\Java\jdk-19\bin;C:\Program Files (x86)\sbt\bin;C:\Ruby31-x64\bin;C:\RailsInstaller\Git\cmd;C:\RailsInstaller\Ruby2.3.3\bin;C:\Users\kevin\AppData\Local\Microsoft\WindowsApps;C:\Users\kevin\AppData\Local\Programs\Microsoft VS Code\bin;C:\Users\kevin\AppData\Roaming\npm;C:\Program Files\NVIDIA GPU Computing Toolkit\CUDA\v11.0\bin;C:\Program Files\NVIDIA GPU Computing Toolkit\CUDA\v11.0\libnvvp;C:\Program Files\Azure Data Studio\bin;C:\Users\kevin\go\bin;C:\Users\kevin\AppData\Local\Yarn\bin;C:\Users\kevin\AppData\Local\Coursier\data\bin;C:\Users\kevin\Downloads\cs-x86_64-pc-win32 (1).zip;.

Yarn version: 
  1.22.19

Node version: 
  18.12.1

Platform: 
  win32 x64

Trace: 
  Error: https://registry.yarnpkg.com/obj2-loader: Not found
      at params.callback [as _callback] (C:\Program Files (x86)\Yarn\lib\cli.js:66145:18)
      at self.callback (C:\Program Files (x86)\Yarn\lib\cli.js:140890:22)
      at Request.emit (node:events:513:28)
      at Request.<anonymous> (C:\Program Files (x86)\Yarn\lib\cli.js:141862:10)
      at Request.emit (node:events:513:28)
      at IncomingMessage.<anonymous> (C:\Program Files (x86)\Yarn\lib\cli.js:141784:12)
      at Object.onceWrapper (node:events:627:28)
      at IncomingMessage.emit (node:events:525:35)
      at endReadableNT (node:internal/streams/readable:1359:12)
      at process.processTicksAndRejections (node:internal/process/task_queues:82:21)

npm manifest: 
  {
    "name": "fullstack",
    "version": "0.1.0",
    "private": true,
    "scripts": {
      "build": "next build",
      "dev": "next dev",
      "postinstall": "prisma generate",
      "lint": "next lint",
      "start": "next start"
    },
    "dependencies": {
      "@next-auth/prisma-adapter": "^1.0.5",
      "@prisma/client": "^4.5.0",
      "@tanstack/react-query": "^4.16.0",
      "@trpc/client": "^10.0.0",
      "@trpc/next": "^10.0.0",
      "@trpc/react-query": "^10.0.0",
      "@trpc/server": "^10.0.0",
      "next": "13.0.2",
      "next-auth": "^4.18.3",
      "react": "18.2.0",
      "react-dom": "18.2.0",
      "superjson": "1.9.1",
      "zod": "^3.18.0"
    },
    "devDependencies": {
      "@types/node": "^18.0.0",
      "@types/react": "^18.0.14",
      "@types/react-dom": "^18.0.5",
      "@typescript-eslint/eslint-plugin": "^5.33.0",
      "@typescript-eslint/parser": "^5.33.0",
      "autoprefixer": "^10.4.7",
      "eslint": "^8.26.0",
      "eslint-config-next": "13.0.2",
      "postcss": "^8.4.14",
      "prettier": "^2.7.1",
      "prettier-plugin-tailwindcss": "^0.1.13",
      "prisma": "^4.5.0",
      "tailwindcss": "^3.2.0",
      "typescript": "^4.8.4"
    },
    "ct3aMetadata": {
      "initVersion": "6.11.4"
    }
  }

yarn manifest: 
  No manifest

Lockfile: 
  No lockfile
